info @storybook/react v6.4.19
info 
info => Cleaning outputDir: C:\\Users\\ayush\\AppData\\Local\\Temp\\chromatic--14760-wevJD9SMYYlJ
(node:16892) DeprecationWarning: --static-dir CLI flag is deprecated, see:

https://github.com/storybookjs/storybook/blob/next/MIGRATION.md#deprecated---static-dir-cli-flag
(Use `node --trace-deprecation ...` to show where the warning was created)
info => Loading presets
info => Copying static files: ./public => ./
info => Compiling manager..
info => Compiling preview..
info => Loading Webpack configuration from `node_modules\react-scripts`
info => Removing existing JavaScript and TypeScript rules.
info => Modifying Create React App rules.
info => Using default Webpack5 setup
<s> [webpack.Progress] 0% 

<s> [webpack.Progress] 1% setup before run
<s> [webpack.Progress] 1% setup before run NodeEnvironmentPlugin
<s> [webpack.Progress] 1% setup before run
<s> [webpack.Progress] 2% setup run
<s> [webpack.Progress] 2% setup run ESLintWebpackPlugin_1
<s> [webpack.Progress] 2% setup run
<s> [webpack.Progress] 4% setup normal module factory
<s> [webpack.Progress] 4% setup normal module factory CaseSensitivePathsPlugin
<s> [webpack.Progress] 4% setup normal module factory ModuleNotFoundPlugin
<s> [webpack.Progress] 4% setup normal module factory IgnorePlugin
<s> [webpack.Progress] 4% setup normal module factory
<s> [webpack.Progress] 5% setup context module factory
<s> [webpack.Progress] 5% setup context module factory IgnorePlugin
<s> [webpack.Progress] 5% setup context module factory
<s> [webpack.Progress] 6% setup before compile
<s> [webpack.Progress] 6% setup before compile ProgressPlugin
<s> [webpack.Progress] 6% setup before compile
<s> [webpack.Progress] 7% setup compile
<s> [webpack.Progress] 7% setup compile ExternalsPlugin
<s> [webpack.Progress] 7% setup compile
<s> [webpack.Progress] 8% setup compilation
<s> [webpack.Progress] 8% setup compilation mini-css-extract-plugin
<s> [webpack.Progress] 8% setup compilation ArrayPushCallbackChunkFormatPlugin
<s> [webpack.Progress] 8% setup compilation JsonpChunkLoadingPlugin
<s> [webpack.Progress] 8% setup compilation StartupChunkDependenciesPlugin
<s> [webpack.Progress] 8% setup compilation ImportScriptsChunkLoadingPlugin
<s> [webpack.Progress] 8% setup compilation FetchCompileWasmPlugin
<s> [webpack.Progress] 8% setup compilation FetchCompileAsyncWasmPlugin
<s> [webpack.Progress] 8% setup compilation WorkerPlugin
<s> [webpack.Progress] 8% setup compilation SplitChunksPlugin
<s> [webpack.Progress] 8% setup compilation RuntimeChunkPlugin
<s> [webpack.Progress] 8% setup compilation ResolverCachePlugin
<s> [webpack.Progress] 8% setup compilation HtmlWebpackPlugin
<s> [webpack.Progress] 8% setup compilation
<s> [webpack.Progress] 9% setup compilation
<s> [webpack.Progress] 9% setup compilation DefinePlugin
<s> [webpack.Progress] 9% setup compilation ProvidePlugin
<s> [webpack.Progress] 9% setup compilation ProgressPlugin
<s> [webpack.Progress] 9% setup compilation InlineChunkHtmlPlugin
<s> [webpack.Progress] 9% setup compilation InterpolateHtmlPlugin
<s> [webpack.Progress] 9% setup compilation mini-css-extract-plugin
<s> [webpack.Progress] 9% setup compilation ChunkPrefetchPreloadPlugin
<s> [webpack.Progress] 9% setup compilation SourceMapDevToolPlugin
<s> [webpack.Progress] 9% setup compilation JavascriptModulesPlugin
<s> [webpack.Progress] 9% setup compilation JsonModulesPlugin
<s> [webpack.Progress] 9% setup compilation AssetModulesPlugin
<s> [webpack.Progress] 9% setup compilation EntryPlugin
<s> [webpack.Progress] 9% setup compilation EntryPlugin
<s> [webpack.Progress] 9% setup compilation EntryPlugin
<s> [webpack.Progress] 9% setup compilation EntryPlugin
<s> [webpack.Progress] 9% setup compilation EntryPlugin
<s> [webpack.Progress] 9% setup compilation EntryPlugin
<s> [webpack.Progress] 9% setup compilation EntryPlugin
<s> [webpack.Progress] 9% setup compilation EntryPlugin
<s> [webpack.Progress] 9% setup compilation EntryPlugin
<s> [webpack.Progress] 9% setup compilation EntryPlugin
<s> [webpack.Progress] 9% setup compilation EntryPlugin
<s> [webpack.Progress] 9% setup compilation EntryPlugin
<s> [webpack.Progress] 9% setup compilation EntryPlugin
<s> [webpack.Progress] 9% setup compilation EntryPlugin
<s> [webpack.Progress] 9% setup compilation EntryPlugin
<s> [webpack.Progress] 9% setup compilation EntryPlugin
<s> [webpack.Progress] 9% setup compilation RuntimePlugin
<s> [webpack.Progress] 9% setup compilation InferAsyncModulesPlugin
<s> [webpack.Progress] 9% setup compilation DataUriPlugin
<s> [webpack.Progress] 9% setup compilation FileUriPlugin
<s> [webpack.Progress] 9% setup compilation CompatibilityPlugin
<s> [webpack.Progress] 9% setup compilation HarmonyModulesPlugin
<s> [webpack.Progress] 9% setup compilation AMDPlugin
<s> [webpack.Progress] 9% setup compilation RequireJsStuffPlugin
<s> [webpack.Progress] 9% setup compilation CommonJsPlugin
<s> [webpack.Progress] 9% setup compilation LoaderPlugin
<s> [webpack.Progress] 9% setup compilation LoaderPlugin
<s> [webpack.Progress] 9% setup compilation NodeStuffPlugin
<s> [webpack.Progress] 9% setup compilation APIPlugin
<s> [webpack.Progress] 9% setup compilation ExportsInfoApiPlugin
<s> [webpack.Progress] 9% setup compilation WebpackIsIncludedPlugin
<s> [webpack.Progress] 9% setup compilation ConstPlugin
<s> [webpack.Progress] 9% setup compilation UseStrictPlugin
<s> [webpack.Progress] 9% setup compilation RequireIncludePlugin
<s> [webpack.Progress] 9% setup compilation RequireEnsurePlugin
<s> [webpack.Progress] 9% setup compilation RequireContextPlugin
<s> [webpack.Progress] 9% setup compilation ImportPlugin
<s> [webpack.Progress] 9% setup compilation RequireContextPlugin
<s> [webpack.Progress] 9% setup compilation SystemPlugin
<s> [webpack.Progress] 9% setup compilation ImportMetaPlugin
<s> [webpack.Progress] 9% setup compilation URLPlugin
<s> [webpack.Progress] 9% setup compilation DefaultStatsFactoryPlugin
<s> [webpack.Progress] 9% setup compilation DefaultStatsPresetPlugin
<s> [webpack.Progress] 9% setup compilation DefaultStatsPrinterPlugin
<s> [webpack.Progress] 9% setup compilation JavascriptMetaInfoPlugin
<s> [webpack.Progress] 9% setup compilation EnsureChunkConditionsPlugin
<s> [webpack.Progress] 9% setup compilation RemoveEmptyChunksPlugin
<s> [webpack.Progress] 9% setup compilation MergeDuplicateChunksPlugin
<s> [webpack.Progress] 9% setup compilation FlagIncludedChunksPlugin
<s> [webpack.Progress] 9% setup compilation SideEffectsFlagPlugin
<s> [webpack.Progress] 9% setup compilation FlagDependencyExportsPlugin
<s> [webpack.Progress] 9% setup compilation FlagDependencyUsagePlugin
<s> [webpack.Progress] 9% setup compilation InnerGraphPlugin
<s> [webpack.Progress] 9% setup compilation MangleExportsPlugin
<s> [webpack.Progress] 9% setup compilation ModuleConcatenationPlugin
<s> [webpack.Progress] 9% setup compilation NoEmitOnErrorsPlugin
<s> [webpack.Progress] 9% setup compilation RealContentHashPlugin
<s> [webpack.Progress] 9% setup compilation WasmFinalizeExportsPlugin
<s> [webpack.Progress] 9% setup compilation NamedModuleIdsPlugin
<s> [webpack.Progress] 9% setup compilation DeterministicChunkIdsPlugin
<s> [webpack.Progress] 9% setup compilation DefinePlugin
<s> [webpack.Progress] 9% setup compilation TerserPlugin
<s> [webpack.Progress] 9% setup compilation TemplatedPathPlugin
<s> [webpack.Progress] 9% setup compilation RecordIdsPlugin
<s> [webpack.Progress] 9% setup compilation WarnCaseSensitiveModulesPlugin
<s> [webpack.Progress] 9% setup compilation IgnoreWarningsPlugin
<s> [webpack.Progress] 9% setup compilation ESLintWebpackPlugin_1
<s> [webpack.Progress] 9% setup compilation
<s> [webpack.Progress] 10% building
<s> [webpack.Progress] 10% building 0/1 entries 0/0 dependencies 0/0 modules
<s> [webpack.Progress] 10% building 0/16 entries 6/21 dependencies 0/4 modules
<s> [webpack.Progress] 10% building import loader ./node_modules/babel-loader/lib/index.js
<s> [webpack.Progress] 10% building import loader ./node_modules/source-map-loader/dist/cjs.js
<s> [webpack.Progress] 10% building 0/16 entries 19/21 dependencies 0/18 modules
<s> [webpack.Progress] 10% building 0/16 entries 30/61 dependencies 0/28 modules
<s> [webpack.Progress] 10% building import loader ./node_modules/@storybook/source-loader/dist/cjs/index.js
<s> [webpack.Progress] 10% building 0/16 entries 151/189 dependencies 5/90 modules
<s> [webpack.Progress] 10% building 0/16 entries 177/520 dependencies 7/100 modules
<s> [webpack.Progress] 10% building 0/16 entries 492/560 dependencies 8/228 modules
<s> [webpack.Progress] 13% building 1/16 entries 529/633 dependencies 18/251 modules
<s> [webpack.Progress] 13% building 1/16 entries 755/795 dependencies 41/300 modules
<s> [webpack.Progress] 13% building 1/16 entries 817/900 dependencies 44/314 modules
<s> [webpack.Progress] 13% building 1/16 entries 1070/1100 dependencies 76/342 modules
<s> [webpack.Progress] 13% building 1/16 entries 1181/1400 dependencies 85/350 modules
<s> [webpack.Progress] 13% building 1/16 entries 1490/1620 dependencies 110/400 modules
<s> [webpack.Progress] 13% building 1/16 entries 1600/1692 dependencies 121/437 modules
<s> [webpack.Progress] 13% building 1/16 entries 1710/1800 dependencies 148/462 modules
<s> [webpack.Progress] 13% building 1/16 entries 1900/2244 dependencies 231/467 modules
<s> [webpack.Progress] 13% building 1/16 entries 2100/2245 dependencies 243/497 modules
<s> [webpack.Progress] 13% building import loader ./node_modules/mini-css-extract-plugin/dist/loader.js
<s> [webpack.Progress] 13% building import loader ./node_modules/css-loader/dist/cjs.js
<s> [webpack.Progress] 13% building import loader ./node_modules/postcss-loader/dist/cjs.js
<s> [webpack.Progress] 13% building 1/16 entries 2208/2245 dependencies 249/524 modules
<s> [webpack.Progress] 13% building 1/16 entries 2246/2300 dependencies 249/555 modules
<s> [webpack.Progress] 13% building 1/16 entries 2300/8125 dependencies 253/565 modules
<s> [webpack.Progress] 13% building 1/16 entries 2487/8125 dependencies 253/700 modules
<s> [webpack.Progress] 13% building 1/16 entries 2587/8125 dependencies 253/800 modules
<s> [webpack.Progress] 13% building 1/16 entries 2687/8125 dependencies 253/900 modules
<s> [webpack.Progress] 13% building 1/16 entries 2787/8125 dependencies 253/1000 modules
<s> [webpack.Progress] 13% building 1/16 entries 2800/8125 dependencies 253/1012 modules
<s> [webpack.Progress] 13% building 1/16 entries 2987/8125 dependencies 253/1200 modules
<s> [webpack.Progress] 13% building 1/16 entries 3000/8125 dependencies 253/1212 modules
<s> [webpack.Progress] 13% building 1/16 entries 3187/8125 dependencies 253/1400 modules
<s> [webpack.Progress] 13% building 1/16 entries 3387/8125 dependencies 253/1600 modules
<s> [webpack.Progress] 13% building 1/16 entries 3400/8125 dependencies 253/1612 modules
<s> [webpack.Progress] 13% building 1/16 entries 3500/8125 dependencies 253/1712 modules
<s> [webpack.Progress] 13% building 1/16 entries 3787/8125 dependencies 253/2000 modules
<s> [webpack.Progress] 13% building 1/16 entries 4187/8125 dependencies 253/2400 modules
<s> [webpack.Progress] 13% building 1/16 entries 4687/8125 dependencies 253/2900 modules
<s> [webpack.Progress] 13% building 1/16 entries 5087/8125 dependencies 253/3300 modules
<s> [webpack.Progress] 13% building 1/16 entries 5587/8125 dependencies 253/3800 modules
<s> [webpack.Progress] 13% building 1/16 entries 5687/8125 dependencies 253/3900 modules
<s> [webpack.Progress] 13% building 1/16 entries 5887/8125 dependencies 253/4100 modules
<s> [webpack.Progress] 13% building 1/16 entries 6087/8125 dependencies 253/4300 modules
<s> [webpack.Progress] 13% building 1/16 entries 6387/8125 dependencies 253/4600 modules
<s> [webpack.Progress] 13% building 1/16 entries 6687/8125 dependencies 253/4900 modules
<s> [webpack.Progress] 13% building 1/16 entries 6987/8125 dependencies 253/5200 modules
<s> [webpack.Progress] 13% building 1/16 entries 7287/8125 dependencies 253/5500 modules
<s> [webpack.Progress] 13% building 1/16 entries 7587/8125 dependencies 253/5800 modules
<s> [webpack.Progress] 13% building 1/16 entries 7895/8125 dependencies 253/6100 modules
<s> [webpack.Progress] 13% building 1/16 entries 8100/8132 dependencies 258/6268 modules
<s> [webpack.Progress] 13% building 1/16 entries 8300/8507 dependencies 314/6284 modules
<s> [webpack.Progress] 13% building 1/16 entries 8700/8771 dependencies 380/6378 modules
<s> [webpack.Progress] 13% building 1/16 entries 9100/9164 dependencies 381/6392 modules
<s> [webpack.Progress] 13% building 1/16 entries 9400/9500 dependencies 381/6400 modules
<s> [webpack.Progress] 13% building 1/16 entries 9728/9800 dependencies 381/6409 modules
<s> [webpack.Progress] 13% building 1/16 entries 10106/10200 dependencies 381/6409 modules
<s> [webpack.Progress] 13% building 1/16 entries 10517/10600 dependencies 381/6409 modules
<s> [webpack.Progress] 13% building 1/16 entries 10900/10922 dependencies 381/6409 modules
<s> [webpack.Progress] 13% building 1/16 entries 11292/11300 dependencies 381/6409 modules
<s> [webpack.Progress] 13% building 1/16 entries 11900/11912 dependencies 381/6409 modules
<s> [webpack.Progress] 13% building 1/16 entries 12298/12400 dependencies 381/6409 modules
<s> [webpack.Progress] 13% building 1/16 entries 12800/12892 dependencies 381/6409 modules
<s> [webpack.Progress] 13% building 1/16 entries 13100/13272 dependencies 381/6409 modules
<s> [webpack.Progress] 13% building 1/16 entries 13492/13500 dependencies 381/6409 modules
<s> [webpack.Progress] 13% building 1/16 entries 14000/14088 dependencies 381/6409 modules
<s> [webpack.Progress] 13% building 1/16 entries 14532/14600 dependencies 381/6409 modules
<s> [webpack.Progress] 13% building 1/16 entries 15000/15086 dependencies 381/6409 modules
<s> [webpack.Progress] 13% building 1/16 entries 15300/15486 dependencies 381/6409 modules
<s> [webpack.Progress] 13% building 1/16 entries 16000/16088 dependencies 381/6409 modules
<s> [webpack.Progress] 13% building 1/16 entries 16600/16688 dependencies 381/6409 modules
<s> [webpack.Progress] 13% building 1/16 entries 17089/17100 dependencies 381/6409 modules
<s> [webpack.Progress] 13% building 1/16 entries 17496/17600 dependencies 381/6409 modules
<s> [webpack.Progress] 13% building 1/16 entries 17900/18086 dependencies 381/6409 modules
<s> [webpack.Progress] 13% building 1/16 entries 18600/18688 dependencies 381/6409 modules
<s> [webpack.Progress] 13% building 1/16 entries 19288/19300 dependencies 381/6409 modules
<s> [webpack.Progress] 13% building 1/16 entries 19694/19800 dependencies 381/6409 modules
<s> [webpack.Progress] 13% building 1/16 entries 20046/20300 dependencies 389/6511 modules
<s> [webpack.Progress] 13% building 1/16 entries 20537/20600 dependencies 429/6601 modules
<s> [webpack.Progress] 59% building 1/16 entries 20872/20890 dependencies 6057/6700 modules
<s> [webpack.Progress] 59% building 1/16 entries 21300/21555 dependencies 6060/6715 modules
<s> [webpack.Progress] 60% building 1/16 entries 21700/21935 dependencies 6155/6740 modules
<s> [webpack.Progress] 60% building 1/16 entries 22000/22171 dependencies 6238/6822 modules
<s> [webpack.Progress] 61% building 1/16 entries 22400/22507 dependencies 6494/6912 modules
<s> [webpack.Progress] 61% building 1/16 entries 22641/22787 dependencies 6540/7000 modules
<s> [webpack.Progress] 62% building 1/16 entries 22930/23000 dependencies 6703/7030 modules
<s> [webpack.Progress] 62% building 1/16 entries 23265/23322 dependencies 6800/7086 modules
<s> [webpack.Progress] 63% building 1/16 entries 23600/23695 dependencies 6975/7180 modules
<s> [webpack.Progress] 64% building 2/16 entries 23918/23964 dependencies 7130/7245 modules
<s> [webpack.Progress] 64% building 3/16 entries 23918/23964 dependencies 7130/7245 modules
<s> [webpack.Progress] 64% building 4/16 entries 23918/23964 dependencies 7130/7245 modules
<s> [webpack.Progress] 64% building 5/16 entries 23918/23964 dependencies 7130/7245 modules
<s> [webpack.Progress] 64% building 6/16 entries 23918/23964 dependencies 7130/7245 modules
<s> [webpack.Progress] 64% building 7/16 entries 23918/23964 dependencies 7130/7245 modules
<s> [webpack.Progress] 64% building 8/16 entries 23918/23964 dependencies 7130/7245 modules
<s> [webpack.Progress] 64% building 9/16 entries 23918/23964 dependencies 7130/7245 modules
<s> [webpack.Progress] 64% building 10/16 entries 23918/23964 dependencies 7130/7245 modules
<s> [webpack.Progress] 64% building 11/16 entries 23918/23964 dependencies 7130/7245 modules
<s> [webpack.Progress] 64% building 12/16 entries 23918/23964 dependencies 7130/7245 modules
<s> [webpack.Progress] 64% building 13/16 entries 24235/24244 dependencies 7265/7325 modules
<s> [webpack.Progress] 64% building 14/16 entries 24291/24291 dependencies 7322/7341 modules
<s> [webpack.Progress] 64% building 15/16 entries 24291/24291 dependencies 7323/7341 modules
<s> [webpack.Progress] 65% building 16/16 entries 24296/24296 dependencies 7341/7341 modules
<s> [webpack.Progress] 65% building
<s> [webpack.Progress] 69% building finish
<s> [webpack.Progress] 69% building finish
<s> [webpack.Progress] 70% sealing finish module graph
<s> [webpack.Progress] 70% sealing finish module graph ResolverCachePlugin
<s> [webpack.Progress] 70% sealing finish module graph InferAsyncModulesPlugin
<s> [webpack.Progress] 70% sealing finish module graph FlagDependencyExportsPlugin
<s> [webpack.Progress] 70% sealing finish module graph InnerGraphPlugin
<s> [webpack.Progress] 70% sealing finish module graph WasmFinalizeExportsPlugin
<s> [webpack.Progress] 70% sealing finish module graph ESLintWebpackPlugin_1
<s> [webpack.Progress] 70% sealing finish module graph
<s> [webpack.Progress] 70% sealing plugins
<s> [webpack.Progress] 70% sealing plugins WarnCaseSensitiveModulesPlugin
<s> [webpack.Progress] 70% sealing plugins
<s> [webpack.Progress] 71% sealing dependencies optimization
<s> [webpack.Progress] 71% sealing dependencies optimization SideEffectsFlagPlugin
<s> [webpack.Progress] 71% sealing dependencies optimization FlagDependencyUsagePlugin
<s> [webpack.Progress] 71% sealing dependencies optimization
<s> [webpack.Progress] 71% sealing after dependencies optimization
<s> [webpack.Progress] 71% sealing after dependencies optimization
<s> [webpack.Progress] 72% sealing chunk graph
<s> [webpack.Progress] 72% sealing chunk graph
<s> [webpack.Progress] 73% sealing after chunk graph
<s> [webpack.Progress] 73% sealing after chunk graph
<s> [webpack.Progress] 73% sealing optimizing
<s> [webpack.Progress] 73% sealing optimizing
<s> [webpack.Progress] 74% sealing module optimization
<s> [webpack.Progress] 74% sealing module optimization
<s> [webpack.Progress] 75% sealing after module optimization
<s> [webpack.Progress] 75% sealing after module optimization
<s> [webpack.Progress] 75% sealing chunk optimization
<s> [webpack.Progress] 75% sealing chunk optimization EnsureChunkConditionsPlugin
<s> [webpack.Progress] 75% sealing chunk optimization RemoveEmptyChunksPlugin
<s> [webpack.Progress] 75% sealing chunk optimization MergeDuplicateChunksPlugin
<s> [webpack.Progress] 75% sealing chunk optimization SplitChunksPlugin
<s> [webpack.Progress] 75% sealing chunk optimization RemoveEmptyChunksPlugin
<s> [webpack.Progress] 75% sealing chunk optimization
<s> [webpack.Progress] 76% sealing after chunk optimization
<s> [webpack.Progress] 76% sealing after chunk optimization
<s> [webpack.Progress] 77% sealing module and chunk tree optimization
<s> [webpack.Progress] 77% sealing module and chunk tree optimization PersistentChildCompilerSingletonPlugin
<s> [webpack.Progress] 77% sealing module and chunk tree optimization
<s> [webpack.Progress] 77% sealing after module and chunk tree optimization
<s> [webpack.Progress] 77% sealing after module and chunk tree optimization
<s> [webpack.Progress] 78% sealing chunk modules optimization
<s> [webpack.Progress] 78% sealing chunk modules optimization ModuleConcatenationPlugin
<s> [webpack.Progress] 78% sealing chunk modules optimization
<s> [webpack.Progress] 78% sealing after chunk modules optimization
<s> [webpack.Progress] 78% sealing after chunk modules optimization
<s> [webpack.Progress] 79% sealing module reviving
<s> [webpack.Progress] 79% sealing module reviving RecordIdsPlugin
<s> [webpack.Progress] 79% sealing module reviving
<s> [webpack.Progress] 80% sealing before module ids
<s> [webpack.Progress] 80% sealing before module ids
<s> [webpack.Progress] 80% sealing module ids
<s> [webpack.Progress] 80% sealing module ids NamedModuleIdsPlugin
<s> [webpack.Progress] 80% sealing module ids
<s> [webpack.Progress] 81% sealing module id optimization
<s> [webpack.Progress] 81% sealing module id optimization
<s> [webpack.Progress] 82% sealing module id optimization
<s> [webpack.Progress] 82% sealing module id optimization
<s> [webpack.Progress] 82% sealing chunk reviving
<s> [webpack.Progress] 82% sealing chunk reviving RecordIdsPlugin
<s> [webpack.Progress] 82% sealing chunk reviving
<s> [webpack.Progress] 83% sealing before chunk ids
<s> [webpack.Progress] 83% sealing before chunk ids
<s> [webpack.Progress] 84% sealing chunk ids
<s> [webpack.Progress] 84% sealing chunk ids DeterministicChunkIdsPlugin
<s> [webpack.Progress] 84% sealing chunk ids
<s> [webpack.Progress] 84% sealing chunk id optimization
<s> [webpack.Progress] 84% sealing chunk id optimization FlagIncludedChunksPlugin
<s> [webpack.Progress] 84% sealing chunk id optimization
<s> [webpack.Progress] 85% sealing after chunk id optimization
<s> [webpack.Progress] 85% sealing after chunk id optimization
<s> [webpack.Progress] 86% sealing record modules
<s> [webpack.Progress] 86% sealing record modules RecordIdsPlugin
<s> [webpack.Progress] 86% sealing record modules
<s> [webpack.Progress] 86% sealing record chunks
<s> [webpack.Progress] 86% sealing record chunks RecordIdsPlugin
<s> [webpack.Progress] 86% sealing record chunks
<s> [webpack.Progress] 87% sealing module hashing
<s> [webpack.Progress] 87% sealing module hashing
<s> [webpack.Progress] 87% sealing code generation
<s> [webpack.Progress] 87% sealing code generation
<s> [webpack.Progress] 88% sealing runtime requirements
<s> [webpack.Progress] 88% sealing runtime requirements
<s> [webpack.Progress] 89% sealing hashing
<s> [webpack.Progress] 89% sealing hashing
<s> [webpack.Progress] 89% sealing after hashing
<s> [webpack.Progress] 89% sealing after hashing
<s> [webpack.Progress] 90% sealing record hash
<s> [webpack.Progress] 90% sealing record hash
<s> [webpack.Progress] 91% sealing module assets processing
<s> [webpack.Progress] 91% sealing module assets processing
<s> [webpack.Progress] 91% sealing chunk assets processing
<s> [webpack.Progress] 91% sealing chunk assets processing
<s> [webpack.Progress] 92% sealing asset processing
<s> [webpack.Progress] 92% sealing asset processing ESLintWebpackPlugin_1
<s> [webpack.Progress] 92% sealing asset processing PersistentChildCompilerSingletonPlugin
<s> [webpack.Progress] 92% sealing asset processing TerserPlugin
info => Manager built (1.32 min)
<s> [webpack.Progress] 92% sealing asset processing SourceMapDevToolPlugin
<s> [webpack.Progress] 92% sealing asset processing SourceMapDevToolPlugin
<s> [webpack.Progress] 92% sealing asset processing SourceMapDevToolPlugin static/css/main.3aaeb1db.css generate SourceMap
<s> [webpack.Progress] 92% sealing asset processing SourceMapDevToolPlugin static/css/main.3aaeb1db.css generated SourceMap
<s> [webpack.Progress] 92% sealing asset processing SourceMapDevToolPlugin main.31278638.iframe.bundle.js generate SourceMap
<s> [webpack.Progress] 92% sealing asset processing SourceMapDevToolPlugin main.31278638.iframe.bundle.js generated SourceMap
<s> [webpack.Progress] 92% sealing asset processing SourceMapDevToolPlugin runtime~main.a2fd783f.iframe.bundle.js generate SourceMap
<s> [webpack.Progress] 92% sealing asset processing SourceMapDevToolPlugin runtime~main.a2fd783f.iframe.bundle.js generated SourceMap
<s> [webpack.Progress] 92% sealing asset processing SourceMapDevToolPlugin 701.a26d273d.iframe.bundle.js generate SourceMap
<s> [webpack.Progress] 92% sealing asset processing SourceMapDevToolPlugin 701.a26d273d.iframe.bundle.js generated SourceMap
<s> [webpack.Progress] 92% sealing asset processing SourceMapDevToolPlugin 869.414d83cb.iframe.bundle.js generate SourceMap
<s> [webpack.Progress] 92% sealing asset processing SourceMapDevToolPlugin 869.414d83cb.iframe.bundle.js generated SourceMap
<s> [webpack.Progress] 92% sealing asset processing SourceMapDevToolPlugin 861.73af197d.iframe.bundle.js generate SourceMap
<s> [webpack.Progress] 92% sealing asset processing SourceMapDevToolPlugin 861.73af197d.iframe.bundle.js generated SourceMap
<s> [webpack.Progress] 92% sealing asset processing SourceMapDevToolPlugin 574.80b61610.iframe.bundle.js generate SourceMap
<s> [webpack.Progress] 92% sealing asset processing SourceMapDevToolPlugin 574.80b61610.iframe.bundle.js generated SourceMap
<s> [webpack.Progress] 92% sealing asset processing SourceMapDevToolPlugin 881.65af48de.iframe.bundle.js generate SourceMap
<s> [webpack.Progress] 92% sealing asset processing SourceMapDevToolPlugin 881.65af48de.iframe.bundle.js generated SourceMap
<s> [webpack.Progress] 92% sealing asset processing SourceMapDevToolPlugin 459.689840c2.iframe.bundle.js generate SourceMap
<s> [webpack.Progress] 92% sealing asset processing SourceMapDevToolPlugin 459.689840c2.iframe.bundle.js generated SourceMap
<s> [webpack.Progress] 92% sealing asset processing SourceMapDevToolPlugin 331.9cacd722.iframe.bundle.js generate SourceMap
<s> [webpack.Progress] 92% sealing asset processing SourceMapDevToolPlugin 331.9cacd722.iframe.bundle.js generated SourceMap
<s> [webpack.Progress] 92% sealing asset processing SourceMapDevToolPlugin 691.199c9da3.iframe.bundle.js generate SourceMap
<s> [webpack.Progress] 92% sealing asset processing SourceMapDevToolPlugin 691.199c9da3.iframe.bundle.js generated SourceMap
<s> [webpack.Progress] 92% sealing asset processing SourceMapDevToolPlugin resolve sources
<s> [webpack.Progress] 92% sealing asset processing SourceMapDevToolPlugin static/css/main.3aaeb1db.css attach SourceMap
<s> [webpack.Progress] 92% sealing asset processing SourceMapDevToolPlugin static/css/main.3aaeb1db.css attached SourceMap
<s> [webpack.Progress] 92% sealing asset processing SourceMapDevToolPlugin
<s> [webpack.Progress] 92% sealing asset processing SourceMapDevToolPlugin
<s> [webpack.Progress] 92% sealing asset processing SourceMapDevToolPlugin resolve sources
<s> [webpack.Progress] 92% sealing asset processing SourceMapDevToolPlugin
<s> [webpack.Progress] 92% sealing asset processing HtmlWebpackPlugin
<s> [webpack.Progress] 92% sealing asset processing HtmlWebpackPlugin
<s> [webpack.Progress] 92% sealing asset processing HtmlWebpackPlugin resolve sources
<s> [webpack.Progress] 92% sealing asset processing HtmlWebpackPlugin
<s> [webpack.Progress] 92% sealing asset processing RealContentHashPlugin
<s> [webpack.Progress] 92% sealing asset processing RealContentHashPlugin
<s> [webpack.Progress] 92% sealing asset processing RealContentHashPlugin main.dbd26e60.iframe.bundle.js generate SourceMap
<s> [webpack.Progress] 92% sealing asset processing RealContentHashPlugin main.dbd26e60.iframe.bundle.js generated SourceMap
<s> [webpack.Progress] 92% sealing asset processing RealContentHashPlugin runtime~main.27a2c1ec.iframe.bundle.js generate SourceMap
<s> [webpack.Progress] 92% sealing asset processing RealContentHashPlugin runtime~main.27a2c1ec.iframe.bundle.js generated SourceMap
<s> [webpack.Progress] 92% sealing asset processing RealContentHashPlugin 701.0712ceb0.iframe.bundle.js generate SourceMap
<s> [webpack.Progress] 92% sealing asset processing RealContentHashPlugin 701.0712ceb0.iframe.bundle.js generated SourceMap
<s> [webpack.Progress] 92% sealing asset processing RealContentHashPlugin 869.0123a285.iframe.bundle.js generate SourceMap
<s> [webpack.Progress] 92% sealing asset processing RealContentHashPlugin 869.0123a285.iframe.bundle.js generated SourceMap
<s> [webpack.Progress] 92% sealing asset processing RealContentHashPlugin 574.1a1a593d.iframe.bundle.js generate SourceMap
<s> [webpack.Progress] 92% sealing asset processing RealContentHashPlugin 574.1a1a593d.iframe.bundle.js generated SourceMap
<s> [webpack.Progress] 92% sealing asset processing RealContentHashPlugin 881.1f53a512.iframe.bundle.js generate SourceMap
<s> [webpack.Progress] 92% sealing asset processing RealContentHashPlugin 881.1f53a512.iframe.bundle.js generated SourceMap
<s> [webpack.Progress] 92% sealing asset processing RealContentHashPlugin 459.d210aba8.iframe.bundle.js generate SourceMap
<s> [webpack.Progress] 92% sealing asset processing RealContentHashPlugin 459.d210aba8.iframe.bundle.js generated SourceMap
<s> [webpack.Progress] 92% sealing asset processing RealContentHashPlugin 861.9996cb09.iframe.bundle.js generate SourceMap
<s> [webpack.Progress] 92% sealing asset processing RealContentHashPlugin 861.9996cb09.iframe.bundle.js generated SourceMap
<s> [webpack.Progress] 92% sealing asset processing RealContentHashPlugin 331.7fa17044.iframe.bundle.js generate SourceMap
<s> [webpack.Progress] 92% sealing asset processing RealContentHashPlugin 331.7fa17044.iframe.bundle.js generated SourceMap
<s> [webpack.Progress] 92% sealing asset processing RealContentHashPlugin 691.6c099195.iframe.bundle.js generate SourceMap
<s> [webpack.Progress] 92% sealing asset processing RealContentHashPlugin 691.6c099195.iframe.bundle.js generated SourceMap
<s> [webpack.Progress] 92% sealing asset processing RealContentHashPlugin resolve sources
<s> [webpack.Progress] 92% sealing asset processing RealContentHashPlugin
<s> [webpack.Progress] 92% sealing asset processing
<s> [webpack.Progress] 93% sealing after asset optimization
<s> [webpack.Progress] 93% sealing after asset optimization
<s> [webpack.Progress] 93% sealing recording
<s> [webpack.Progress] 93% sealing recording
<s> [webpack.Progress] 94% sealing after seal
<s> [webpack.Progress] 94% sealing after seal
<s> [webpack.Progress] 95% emitting emit
<s> [webpack.Progress] 95% emitting emit
<s> [webpack.Progress] 98% emitting after emit
<s> [webpack.Progress] 98% emitting after emit SizeLimitsPlugin
<s> [webpack.Progress] 98% emitting after emit
<s> [webpack.Progress] 99% done plugins
<s> [webpack.Progress] 99% done plugins CaseSensitivePathsPlugin
<s> [webpack.Progress] 99% done plugins
<s> [webpack.Progress] 99% 

<s> [webpack.Progress] 99% cache store build dependencies
<s> [webpack.Progress] 99% cache store build dependencies
<s> [webpack.Progress] 99% cache begin idle
<s> [webpack.Progress] 99% cache begin idle
<s> [webpack.Progress] 100% 

info => Preview built (1.72 min)
WARN 
WARN src\components\HomePage\index.js
WARN   Line 9:8:    'Divider' is defined but never used            no-unused-vars
WARN   Line 11:10:  'Checkbox' is defined but never used           no-unused-vars
WARN   Line 20:17:  'setValue' is assigned a value but never used  no-unused-vars
WARN 
WARN src\components\MyFeed\index.js
WARN   Line 4:8:     'CardComponent' is defined but never used                                                                  no-unused-vars
WARN   Line 6:8:     'Button' is defined but never used                                                                         no-unused-vars
WARN   Line 7:10:    'Chip' is defined but never used                                                                           no-unused-vars
WARN   Line 42:15:   img elements must have an alt prop, either with meaningful text, or an empty string for decorative images  jsx-a11y/alt-text
WARN   Line 67:15:   img elements must have an alt prop, either with meaningful text, or an empty string for decorative images  jsx-a11y/alt-text
WARN   Line 92:15:   img elements must have an alt prop, either with meaningful text, or an empty string for decorative images  jsx-a11y/alt-text
WARN   Line 152:15:  img elements must have an alt prop, either with meaningful text, or an empty string for decorative images  jsx-a11y/alt-text
WARN   Line 182:15:  img elements must have an alt prop, either with meaningful text, or an empty string for decorative images  jsx-a11y/alt-text
WARN   Line 212:15:  img elements must have an alt prop, either with meaningful text, or an empty string for decorative images  jsx-a11y/alt-text
WARN   Line 277:15:  img elements must have an alt prop, either with meaningful text, or an empty string for decorative images  jsx-a11y/alt-text
WARN   Line 318:15:  img elements must have an alt prop, either with meaningful text, or an empty string for decorative images  jsx-a11y/alt-text
WARN   Line 358:15:  img elements must have an alt prop, either with meaningful text, or an empty string for decorative images  jsx-a11y/alt-text
WARN 
WARN src\components\ProfileForm\index.js
WARN   Line 1:17:  'useState' is defined but never used     no-unused-vars
WARN   Line 1:27:  'useEffect' is defined but never used    no-unused-vars
WARN   Line 1:38:  'useCallback' is defined but never used  no-unused-vars
WARN   Line 18:8:  'Divider' is defined but never used      no-unused-vars
WARN   Line 22:8:  'Select' is defined but never used       no-unused-vars
WARN 
WARN src\components\ViewOrganization\index.js
WARN   Line 1:17:  'useEffect' is defined but never used  no-unused-vars
WARN   Line 1:28:  'useState' is defined but never used   no-unused-vars
WARN 
WARN src\components\ViewUserOrganisation\index.js
WARN   Line 1:17:  'useEffect' is defined but never used  no-unused-vars
WARN   Line 1:28:  'useState' is defined but never used   no-unused-vars
WARN 
WARN src\components\util\CodelabCard\index.js
WARN   Line 12:9:   'BookmarkIcon' is defined but never used       no-unused-vars
WARN   Line 29:10:  'logoPath' is assigned a value but never used  no-unused-vars
WARN 
WARN 
WARN asset size limit: The following asset(s) exceed the recommended size limit (244 KiB).
WARN This can impact web performance.
WARN Assets: 
WARN   f07255c07933ab7e765e.png (371 KiB)
WARN   1307381e5cb9d25d6b54.png (1.51 MiB)
WARN   869.0123a285.iframe.bundle.js (555 KiB)
WARN   691.6c099195.iframe.bundle.js (2.03 MiB)
WARN entrypoint size limit: The following entrypoint(s) combined asset size exceeds the recommended limit (244 KiB). This can impact web performance.
WARN Entrypoints:
WARN   main (2.14 MiB)
WARN       runtime~main.27a2c1ec.iframe.bundle.js
WARN       691.6c099195.iframe.bundle.js
WARN       main.dbd26e60.iframe.bundle.js
WARN       static/css/main.20f5b317.css
WARN 
<s> [webpack.Progress] 99% cache shutdown
<s> [webpack.Progress] 99% cache shutdown
<s> [webpack.Progress] 100% 

info => Output directory: C:\\Users\\ayush\\AppData\\Local\\Temp\\chromatic--14760-wevJD9SMYYlJ
